0 info it worked if it ends with ok
<<<<<<< HEAD
1 verbose cli [ 'D:\\SOS\\node.exe',
1 verbose cli   'D:\\SOS\\node_modules\\npm\\bin\\npm-cli.js',
=======
1 verbose cli [ 'D:\\nodejs\\node.exe',
1 verbose cli   'D:\\nodejs\\node_modules\\npm\\bin\\npm-cli.js',
>>>>>>> 2760ee0ec70f26c1e42965d37dcd7d0f60a2a6ce
1 verbose cli   'start' ]
2 info using npm@3.6.0
3 info using node@v5.6.0
4 verbose run-script [ 'prestart', 'start', 'poststart' ]
<<<<<<< HEAD
5 info lifecycle blaherlas@1.0.0~prestart: blaherlas@1.0.0
6 silly lifecycle blaherlas@1.0.0~prestart: no script for prestart, continuing
7 info lifecycle blaherlas@1.0.0~start: blaherlas@1.0.0
8 verbose lifecycle blaherlas@1.0.0~start: unsafe-perm in lifecycle true
9 verbose lifecycle blaherlas@1.0.0~start: PATH: D:\SOS\node_modules\npm\bin\node-gyp-bin;C:\Users\usuario\Desktop\sos\SOS-2016-08\node_modules\.bin;C:\Users\usuario\bin;C:\Program Files (x86)\Git\mingw32\bin;C:\Program Files (x86)\Git\usr\local\bin;C:\Program Files (x86)\Git\usr\bin;C:\Program Files (x86)\Git\usr\bin;C:\Program Files (x86)\Git\mingw32\bin;C:\Program Files (x86)\Git\usr\bin;C:\Users\usuario\bin;C:\ProgramData\Oracle\Java\javapath;C:\Program Files\Common Files\Microsoft Shared\Windows Live;C:\Program Files (x86)\Common Files\Microsoft Shared\Windows Live;C:\windows\system32;C:\windows;C:\windows\System32\Wbem;C:\windows\System32\WindowsPowerShell\v1.0;C:\Program Files (x86)\Windows Live\Shared;D:\ECLIPSE\bin;D:\SOS;D:\SOS\Heroku\bin;C:\Program Files (x86)\git\cmd;C:\Users\usuario\AppData\Roaming\npm;C:\Program Files (x86)\Git\usr\bin\vendor_perl;C:\Program Files (x86)\Git\usr\bin\core_perl
10 verbose lifecycle blaherlas@1.0.0~start: CWD: C:\Users\usuario\Desktop\sos\SOS-2016-08
11 silly lifecycle blaherlas@1.0.0~start: Args: [ '/d /s /c', 'node index.js' ]
12 silly lifecycle blaherlas@1.0.0~start: Returned: code: 1  signal: null
13 info lifecycle blaherlas@1.0.0~start: Failed to exec start script
14 verbose stack Error: blaherlas@1.0.0 start: `node index.js`
14 verbose stack Exit status 1
14 verbose stack     at EventEmitter.<anonymous> (D:\SOS\node_modules\npm\lib\utils\lifecycle.js:232:16)
14 verbose stack     at emitTwo (events.js:100:13)
14 verbose stack     at EventEmitter.emit (events.js:185:7)
14 verbose stack     at ChildProcess.<anonymous> (D:\SOS\node_modules\npm\lib\utils\spawn.js:24:14)
=======
5 info lifecycle gontoracq@1.0.0~prestart: gontoracq@1.0.0
6 silly lifecycle gontoracq@1.0.0~prestart: no script for prestart, continuing
7 info lifecycle gontoracq@1.0.0~start: gontoracq@1.0.0
8 verbose lifecycle gontoracq@1.0.0~start: unsafe-perm in lifecycle true
9 verbose lifecycle gontoracq@1.0.0~start: PATH: D:\nodejs\node_modules\npm\bin\node-gyp-bin;C:\Users\usuario\Desktop\sos-2016-08\SOS-2016-08\node_modules\.bin;C:\Users\usuario\bin;C:\Program Files (x86)\Git\mingw32\bin;C:\Program Files (x86)\Git\usr\local\bin;C:\Program Files (x86)\Git\usr\bin;C:\Program Files (x86)\Git\usr\bin;C:\Program Files (x86)\Git\mingw32\bin;C:\Program Files (x86)\Git\usr\bin;C:\Users\usuario\bin;C:\ProgramData\Oracle\Java\javapath;C:\Program Files\Common Files\Microsoft Shared\Windows Live;C:\Program Files (x86)\Common Files\Microsoft Shared\Windows Live;C:\windows\system32;C:\windows;C:\windows\System32\Wbem;C:\windows\System32\WindowsPowerShell\v1.0;C:\Program Files (x86)\Windows Live\Shared;C:\MinGW\bin;C:\TDM-GCC-32\bin;D:\nodejs;C:\Program Files (x86)\Heroku\bin;C:\Program Files (x86)\git\cmd;C:\Users\usuario\AppData\Roaming\npm;C:\Program Files (x86)\Git\usr\bin\vendor_perl;C:\Program Files (x86)\Git\usr\bin\core_perl
10 verbose lifecycle gontoracq@1.0.0~start: CWD: C:\Users\usuario\Desktop\sos-2016-08\SOS-2016-08
11 silly lifecycle gontoracq@1.0.0~start: Args: [ '/d /s /c', 'node index.js' ]
12 silly lifecycle gontoracq@1.0.0~start: Returned: code: 1  signal: null
13 info lifecycle gontoracq@1.0.0~start: Failed to exec start script
14 verbose stack Error: gontoracq@1.0.0 start: `node index.js`
14 verbose stack Exit status 1
14 verbose stack     at EventEmitter.<anonymous> (D:\nodejs\node_modules\npm\lib\utils\lifecycle.js:232:16)
14 verbose stack     at emitTwo (events.js:100:13)
14 verbose stack     at EventEmitter.emit (events.js:185:7)
14 verbose stack     at ChildProcess.<anonymous> (D:\nodejs\node_modules\npm\lib\utils\spawn.js:24:14)
>>>>>>> 2760ee0ec70f26c1e42965d37dcd7d0f60a2a6ce
14 verbose stack     at emitTwo (events.js:100:13)
14 verbose stack     at ChildProcess.emit (events.js:185:7)
14 verbose stack     at maybeClose (internal/child_process.js:827:16)
14 verbose stack     at Process.ChildProcess._handle.onexit (internal/child_process.js:211:5)
<<<<<<< HEAD
15 verbose pkgid blaherlas@1.0.0
16 verbose cwd C:\Users\usuario\Desktop\sos\SOS-2016-08
17 error Windows_NT 6.1.7601
18 error argv "D:\\SOS\\node.exe" "D:\\SOS\\node_modules\\npm\\bin\\npm-cli.js" "start"
=======
15 verbose pkgid gontoracq@1.0.0
16 verbose cwd C:\Users\usuario\Desktop\sos-2016-08\SOS-2016-08
17 error Windows_NT 6.1.7601
18 error argv "D:\\nodejs\\node.exe" "D:\\nodejs\\node_modules\\npm\\bin\\npm-cli.js" "start"
>>>>>>> 2760ee0ec70f26c1e42965d37dcd7d0f60a2a6ce
19 error node v5.6.0
20 error npm  v3.6.0
21 error code ELIFECYCLE
22 error gontoracq@1.0.0 start: `node index.js`
22 error Exit status 1
23 error Failed at the gontoracq@1.0.0 start script 'node index.js'.
23 error Make sure you have the latest version of node.js and npm installed.
23 error If you do, this is most likely a problem with the gontoracq package,
23 error not with npm itself.
23 error Tell the author that this fails on your system:
23 error     node index.js
23 error You can get information on how to open an issue for this project with:
23 error     npm bugs gontoracq
23 error Or if that isn't available, you can get their info via:
23 error     npm owner ls gontoracq
23 error There is likely additional logging output above.
24 verbose exit [ 1, true ]
